Script handler ready. Waiting for a while to ensure all other mods are done messing with NEI.
Starting NEI Filter scripting. This might take a moment to load all the modules...
Engine: JAVASCRIPT
Setting up Java Library...
Setting up FML Library...
Setting up NEI Library...
Setting up CreativeTab library...
Found creative tab: agricraft
Found creative tab: aroma1997core:creativetab
Found creative tab: aroma1997sdimension:creativeTabDW
Found creative tab: BigReactors
Found creative tab: tabBiomesOPlenty
Found creative tab: CarpentersBlocks
Found creative tab: tools
Found creative tab: decorations
Found creative tab: misc
Found creative tab: MineFactory Reloaded
Found creative tab: combat
Found creative tab: food
Found creative tab: quadrum.item
Found creative tab: redstonearsenal.creativeTab
Found creative tab: thermaldynamics.creativeTab
Found creative tab: thermaldynamics.creativeTabCovers
Found creative tab: thermalexpansion.creativeTabBlocks
Found creative tab: thermalexpansion.creativeTabItems
Found creative tab: thermalexpansion.creativeTabTools
Found creative tab: thermalexpansion.creativeTabFlorbs
Found creative tab: thermalfoundation.creativeTab
Found creative tab: thermalfoundation.creativeTabArmor
Found creative tab: thermalfoundation.creativeTabTools
Found creative tab: buildingBlocks
Found creative tab: appliedenergistics2
Found creative tab: appliedenergistics2.facades
Found creative tab: biggercraftingtables
Found creative tab: tabWoodChiselBlocks
Found creative tab: tabStairChiselBlocks
Found creative tab: tabModdedChiselBlocks
Found creative tab: tabStoneChiselBlocks
Found creative tab: tabOtherChiselBlocks
Found creative tab: tabChisel
Found creative tab: tabMetalChiselBlocks
Found creative tab: cnpcsm
Found creative tab: cnpcsa
Found creative tab: cnpcsb
Found creative tab: cnpcsw
Found creative tab: cnpcs
Found creative tab: etfuturum.items
Found creative tab: etfuturum.blocks
Found creative tab: rt.name
Found creative tab: transportation
Found creative tab: tabHarvestCraft2
Found creative tab: tabHarvestCraft3
Found creative tab: tabHarvestCraft
Found creative tab: tabHarvesttheNether
Found creative tab: TabJAFFA
Found creative tab: tabLocks
Found creative tab: tabLootPP
Found creative tab: malisisdoors
Found creative tab: brewing
Found creative tab: materials
Found creative tab: redstone
Found creative tab: AssaultRifles_tab
Found creative tab: AmmoTab
Found creative tab: AttachmentsTab
Found creative tab: SnipersTab
Found creative tab: guns_tab
Found creative tab: ShotgunsTab
Found creative tab: FunGuns_tab
Found creative tab: Pistols_tab
Found creative tab: SMG_tab
Found creative tab: GrenadesTab
Found creative tab: GadgetsTab
Found creative tab: ArmorTab
Found creative tab: openmodularturrets
Found creative tab: RoadStuff
Found creative tab: tabSecurityCraft
Setting up ForgeMicroblock Library...
Setting up Applied Energistics 2 Library...
Loading table of contents for module: custom_nei_filters, 1.0, Author: denoflionsx
Bootstrap setting found. Loading: Bootstrap.js
Loading: vanilla.js
hide called. Params: minecraft, portal
Regex match found! minecraft:portal matches minecraft:portal.
Found ItemStack minecraft:portal. 64xtile.portal@0
hide called. Params: minecraft, end_portal
Regex match found! minecraft:end_portal matches minecraft:end_portal.
Found ItemStack minecraft:end_portal. 64xtile.etfuturum.end_portal@0
hide called. Params: minecraft, fire
Regex match found! minecraft:fire matches minecraft:fire.
Found ItemStack minecraft:fire. 64xtile.fire@0
hide called. Params: minecraft, water
Regex match found! minecraft:water matches minecraft:water.
Found ItemStack minecraft:water. 64xtile.water@0
hide called. Params: minecraft, lava
Regex match found! minecraft:lava matches minecraft:lava.
Found ItemStack minecraft:lava. 64xtile.lava@0
hide called. Params: minecraft, mob_spawner
Regex match found! minecraft:mob_spawner matches minecraft:mob_spawner.
Found ItemStack minecraft:mob_spawner. 64xtile.mobSpawner@0
override called. Params: minecraft, potion, 0
Regex match found! minecraft:potion matches minecraft:potion.
Found ItemStack minecraft:potion. 1xitem.potion@0
override called. Params: minecraft, spawn_egg, 0
Regex match found! minecraft:spawn_egg matches minecraft:spawn_egg.
Found ItemStack minecraft:spawn_egg. 64xitem.monsterPlacer@0
Loading: ThermalExpansion.js
override called. Params: ThermalExpansion, florb, 0,1
Regex match found! ThermalExpansion:florb matches ThermalExpansion:florb.
Found ItemStack ThermalExpansion:florb. 16xitem.thermalexpansion.florb@0
Loading: Mekanism.js
Loading: ForgeMicroblock.js
obliterate_microblocks called (version in info.inpureprojects.core.NEI.gtfoMicroblocks.ScriptObjects.ForgeMicroblockObject). Params: 1,2,4,257,258,260,513,514,516,769,770,772, minecraft:stone
Loading: ExtraUtilities.js
Loading: BuildCraft.js
Loading: Bibliocraft.js
Loading: AppliedEnergistics2.js
getFacadeItem called. Returned: appliedenergistics2:item.ItemFacade
getSubTypes called.
getNumberOfTypes called. Returned: 1533
override called. Params: appliedenergistics2, item.ItemFacade, 905
Regex match found! appliedenergistics2:item.ItemFacade matches appliedenergistics2:item.ItemFacade.
Found ItemStack appliedenergistics2:item.ItemFacade. 64xitem.appliedenergistics2.ItemFacade@0
Loading: Tcon.js
Loading: MFR.js
override called. Params: MineFactoryReloaded, tile.mfr.stainedglass.block, 0
hide called. Params: MineFactoryReloaded:fluid.mfr.liquid.milk.still, 0
override called. Params: MineFactoryReloaded, tile.mfr.stainedglass.pane, 0
override called. Params: MineFactoryReloaded, tile.mfr.conveyor, 0
